<?xml version="1.0" encoding="UTF-8"?>
<!-- Generated by org.testng.reporters.JUnitXMLReporter -->
<testsuite ignored="0" hostname="Sleimans-MBP" failures="0" tests="10" name="ecommercetest" time="29.067" errors="0" timestamp="27 May 2021 02:50:21 GMT">
  <testcase classname="MainSuite" name="AgoToHomePage" time="5.777"/>
  <testcase classname="MainSuite" name="BselectProduct" time="3.423"/>
  <testcase classname="MainSuite" name="CaddToCart" time="1.571"/>
  <testcase classname="MainSuite" name="DproceedToCheckout" time="2.045"/>
  <testcase classname="MainSuite" name="EvalidateSummary" time="2.861"/>
  <testcase classname="MainSuite" name="FsignIn" time="2.362"/>
  <testcase classname="MainSuite" name="GvalidateShippingAddress" time="1.255"/>
  <testcase classname="MainSuite" name="HchooseShippingMethod" time="1.411"/>
  <testcase classname="MainSuite" name="IchoosePaymentMethod" time="1.253"/>
  <testcase classname="MainSuite" name="JconfirmOrder" time="4.193"/>
</testsuite> <!-- ecommercetest -->
