<?xml version="1.0" encoding="UTF-8"?>
<testng-results ignored="0" total="10" passed="10" failed="0" skipped="0">
  <reporter-output>
  </reporter-output>
  <suite started-at="2021-05-27T02:49:51Z" name="Default Suite" finished-at="2021-05-27T02:50:20Z" duration-ms="29067">
    <groups>
    </groups>
    <test started-at="2021-05-27T02:49:51Z" name="ecommercetest" finished-at="2021-05-27T02:50:20Z" duration-ms="29067">
      <class name="MainSuite">
        <test-method is-config="true" signature="init()[pri:0, instance:MainSuite@35047d03]" started-at="2021-05-27T05:49:51Z" name="init" finished-at="2021-05-27T05:49:54Z" duration-ms="2731" status="PASS">
          <reporter-output>
          </reporter-output>
        </test-method> <!-- init -->
        <test-method signature="AgoToHomePage()[pri:0, instance:MainSuite@35047d03]" started-at="2021-05-27T05:49:54Z" name="AgoToHomePage" finished-at="2021-05-27T05:50:00Z" duration-ms="5777" status="PASS">
          <reporter-output>
          </reporter-output>
        </test-method> <!-- AgoToHomePage -->
        <test-method signature="BselectProduct()[pri:0, instance:MainSuite@35047d03]" started-at="2021-05-27T05:50:00Z" name="BselectProduct" finished-at="2021-05-27T05:50:03Z" duration-ms="3423" status="PASS">
          <reporter-output>
          </reporter-output>
        </test-method> <!-- BselectProduct -->
        <test-method signature="CaddToCart()[pri:0, instance:MainSuite@35047d03]" started-at="2021-05-27T05:50:03Z" name="CaddToCart" finished-at="2021-05-27T05:50:05Z" duration-ms="1571" status="PASS">
          <reporter-output>
          </reporter-output>
        </test-method> <!-- CaddToCart -->
        <test-method signature="DproceedToCheckout()[pri:0, instance:MainSuite@35047d03]" started-at="2021-05-27T05:50:05Z" name="DproceedToCheckout" finished-at="2021-05-27T05:50:07Z" duration-ms="2045" status="PASS">
          <reporter-output>
          </reporter-output>
        </test-method> <!-- DproceedToCheckout -->
        <test-method signature="EvalidateSummary()[pri:0, instance:MainSuite@35047d03]" started-at="2021-05-27T05:50:07Z" name="EvalidateSummary" finished-at="2021-05-27T05:50:10Z" duration-ms="2861" status="PASS">
          <reporter-output>
          </reporter-output>
        </test-method> <!-- EvalidateSummary -->
        <test-method signature="FsignIn()[pri:0, instance:MainSuite@35047d03]" started-at="2021-05-27T05:50:10Z" name="FsignIn" finished-at="2021-05-27T05:50:12Z" duration-ms="2362" status="PASS">
          <reporter-output>
          </reporter-output>
        </test-method> <!-- FsignIn -->
        <test-method signature="GvalidateShippingAddress()[pri:0, instance:MainSuite@35047d03]" started-at="2021-05-27T05:50:12Z" name="GvalidateShippingAddress" finished-at="2021-05-27T05:50:13Z" duration-ms="1255" status="PASS">
          <reporter-output>
          </reporter-output>
        </test-method> <!-- GvalidateShippingAddress -->
        <test-method signature="HchooseShippingMethod()[pri:0, instance:MainSuite@35047d03]" started-at="2021-05-27T05:50:13Z" name="HchooseShippingMethod" finished-at="2021-05-27T05:50:15Z" duration-ms="1411" status="PASS">
          <reporter-output>
          </reporter-output>
        </test-method> <!-- HchooseShippingMethod -->
        <test-method signature="IchoosePaymentMethod()[pri:0, instance:MainSuite@35047d03]" started-at="2021-05-27T05:50:15Z" name="IchoosePaymentMethod" finished-at="2021-05-27T05:50:16Z" duration-ms="1253" status="PASS">
          <reporter-output>
          </reporter-output>
        </test-method> <!-- IchoosePaymentMethod -->
        <test-method signature="JconfirmOrder()[pri:0, instance:MainSuite@35047d03]" started-at="2021-05-27T05:50:16Z" name="JconfirmOrder" finished-at="2021-05-27T05:50:20Z" duration-ms="4193" status="PASS">
          <reporter-output>
          </reporter-output>
        </test-method> <!-- JconfirmOrder -->
        <test-method is-config="true" signature="tearDown()[pri:0, instance:MainSuite@35047d03]" started-at="2021-05-27T05:50:20Z" name="tearDown" finished-at="2021-05-27T05:50:20Z" duration-ms="162" status="PASS">
          <reporter-output>
          </reporter-output>
        </test-method> <!-- tearDown -->
      </class> <!-- MainSuite -->
    </test> <!-- ecommercetest -->
  </suite> <!-- Default Suite -->
</testng-results>
